This file contains any messages produced by compilers while
running configure, to aid debugging if configure makes a mistake.

It was created by Astro configure 1.0, which was
generated by GNU Autoconf 2.63.  Invocation command line was

  $ ./configure 

## --------- ##
## Platform. ##
## --------- ##

hostname = serenity.955oxford.dyndns.org
uname -m = i386
uname -r = 10.2.0
uname -s = Darwin
uname -v = Darwin Kernel Version 10.2.0: Tue Nov  3 10:37:10 PST 2009; root:xnu-1486.2.11~1/RELEASE_I386

/usr/bin/uname -p = i386
/bin/uname -X     = unknown

/bin/arch              = unknown
/usr/bin/arch -k       = unknown
/usr/convex/getsysinfo = unknown
/usr/bin/hostinfo      = Mach kernel version:
	 Darwin Kernel Version 10.2.0: Tue Nov  3 10:37:10 PST 2009; root:xnu-1486.2.11~1/RELEASE_I386
Kernel configured for up to 2 processors.
2 processors are physically available.
2 processors are logically available.
Processor type: i486 (Intel 80486)
Processors active: 0 1
Primary memory available: 4.00 gigabytes
Default processor set: 94 tasks, 365 threads, 2 processors
Load average: 0.32, Mach factor: 1.66
/bin/machine           = unknown
/usr/bin/oslevel       = unknown
/bin/universe          = unknown

PATH: /Library/Frameworks/Python.framework/Versions/Current/bin
PATH: /opt/local/bin
PATH: /opt/local/sbin
PATH: /Library/Frameworks/Python.framework/Versions/Current/bin
PATH: /usr/bin
PATH: /bin
PATH: /usr/sbin
PATH: /sbin
PATH: /usr/local/bin
PATH: /usr/texbin
PATH: /usr/X11/bin
PATH: /usr/X11/bin
PATH: /Applications/scisoft//i386/bin
PATH: /Applications/scisoft//all/bin


## ----------- ##
## Core tests. ##
## ----------- ##

configure:1797: checking for gawk
configure:1813: found /opt/local/bin/gawk
configure:1824: result: gawk
configure:1893: checking for g++
configure:1909: found /usr/bin/g++
configure:1920: result: g++
configure:1947: checking for C++ compiler version
configure:1955: g++ --version >&5
i686-apple-darwin10-g++-4.2.1 (GCC) 4.2.1 (Apple Inc. build 5646) (dot 1)
Copyright (C) 2007 Free Software Foundation, Inc.
This is free software; see the source for copying conditions.  There is NO
warranty; not even for MERCHANTABILITY or FITNESS FOR A PARTICULAR PURPOSE.

configure:1959: $? = 0
configure:1966: g++ -v >&5
Using built-in specs.
Target: i686-apple-darwin10
Configured with: /var/tmp/gcc/gcc-5646.1~2/src/configure --disable-checking --enable-werror --prefix=/usr --mandir=/share/man --enable-languages=c,objc,c++,obj-c++ --program-transform-name=/^[cg][^.-]*$/s/$/-4.2/ --with-slibdir=/usr/lib --build=i686-apple-darwin10 --with-gxx-include-dir=/include/c++/4.2.1 --program-prefix=i686-apple-darwin10- --host=x86_64-apple-darwin10 --target=i686-apple-darwin10
Thread model: posix
gcc version 4.2.1 (Apple Inc. build 5646) (dot 1)
configure:1970: $? = 0
configure:1977: g++ -V >&5
g++-4.2: argument to `-V' is missing
configure:1981: $? = 1
configure:2004: checking for C++ compiler default output file name
configure:2026: g++    conftest.cpp  >&5
configure:2030: $? = 0
configure:2068: result: a.out
configure:2087: checking whether the C++ compiler works
configure:2097: ./a.out
configure:2101: $? = 0
configure:2120: result: yes
configure:2127: checking whether we are cross compiling
configure:2129: result: no
configure:2132: checking for suffix of executables
configure:2139: g++ -o conftest    conftest.cpp  >&5
configure:2143: $? = 0
configure:2169: result: 
configure:2175: checking for suffix of object files
configure:2201: g++ -c   conftest.cpp >&5
configure:2205: $? = 0
configure:2230: result: o
configure:2234: checking whether we are using the GNU C++ compiler
configure:2263: g++ -c   conftest.cpp >&5
configure:2270: $? = 0
configure:2287: result: yes
configure:2296: checking whether g++ accepts -g
configure:2326: g++ -c -g  conftest.cpp >&5
configure:2333: $? = 0
configure:2434: result: yes
configure:2480: checking if compiler flag -Wall works
configure:2501: g++ -c -g -O2 -Wall  conftest.cpp >&5
configure:2508: $? = 0
configure:2529: result: yes
configure:2542: checking if compiler flag -Wextra works
configure:2562: g++ -c -g -O2 -Wall -Wextra  conftest.cpp >&5
configure:2569: $? = 0
configure:2590: result: yes
configure:2603: checking if compiler flag -W works
configure:2623: g++ -c -g -O2 -Wall -Wextra -W  conftest.cpp >&5
configure:2630: $? = 0
configure:2651: result: yes
configure:2667: checking for libCVD
configure:2684: g++ -c -g -O2 -Wall -Wextra -W  conftest.cpp >&5
configure:2691: $? = 0
configure:2706: result: yes
configure:2774: checking how to run the C++ preprocessor
configure:2810: g++ -E  conftest.cpp
configure:2817: $? = 0
configure:2848: g++ -E  conftest.cpp
conftest.cpp:8:28: error: ac_nonexistent.h: No such file or directory
configure:2855: $? = 1
configure: failed program was:
| /* confdefs.h.  */
| #define PACKAGE_NAME "Astro"
| #define PACKAGE_TARNAME "astro"
| #define PACKAGE_VERSION "1.0"
| #define PACKAGE_STRING "Astro 1.0"
| #define PACKAGE_BUGREPORT ""
| /* end confdefs.h.  */
| #include <ac_nonexistent.h>
configure:2888: result: g++ -E
configure:2917: g++ -E  conftest.cpp
configure:2924: $? = 0
configure:2955: g++ -E  conftest.cpp
conftest.cpp:8:28: error: ac_nonexistent.h: No such file or directory
configure:2962: $? = 1
configure: failed program was:
| /* confdefs.h.  */
| #define PACKAGE_NAME "Astro"
| #define PACKAGE_TARNAME "astro"
| #define PACKAGE_VERSION "1.0"
| #define PACKAGE_STRING "Astro 1.0"
| #define PACKAGE_BUGREPORT ""
| /* end confdefs.h.  */
| #include <ac_nonexistent.h>
configure:3002: checking for grep that handles long lines and -e
configure:3062: result: /usr/bin/grep
configure:3067: checking for egrep
configure:3131: result: /usr/bin/grep -E
configure:3136: checking for ANSI C header files
configure:3166: g++ -c -g -O2 -Wall -Wextra -W  conftest.cpp >&5
configure:3173: $? = 0
configure:3272: g++ -o conftest -g -O2 -Wall -Wextra -W   -lcvd conftest.cpp  >&5
configure:3276: $? = 0
configure:3282: ./conftest
dyld: Library not loaded: libcvd-0.8.dylib
  Referenced from: /Users/amorgan/q_soft/PTELPL3/alignment_software/./conftest
  Reason: image not found
./configure: line 3284: 51853 Trace/BPT trap          ./conftest$ac_exeext
configure:3286: $? = 133
configure: program exited with status 133
configure: failed program was:
| /* confdefs.h.  */
| #define PACKAGE_NAME "Astro"
| #define PACKAGE_TARNAME "astro"
| #define PACKAGE_VERSION "1.0"
| #define PACKAGE_STRING "Astro 1.0"
| #define PACKAGE_BUGREPORT ""
| /* end confdefs.h.  */
| #include <ctype.h>
| #include <stdlib.h>
| #if ((' ' & 0x0FF) == 0x020)
| # define ISLOWER(c) ('a' <= (c) && (c) <= 'z')
| # define TOUPPER(c) (ISLOWER(c) ? 'A' + ((c) - 'a') : (c))
| #else
| # define ISLOWER(c) 		   (('a' <= (c) && (c) <= 'i') 		     || ('j' <= (c) && (c) <= 'r') 		     || ('s' <= (c) && (c) <= 'z'))
| # define TOUPPER(c) (ISLOWER(c) ? ((c) | 0x40) : (c))
| #endif
| 
| #define XOR(e, f) (((e) && !(f)) || (!(e) && (f)))
| int
| main ()
| {
|   int i;
|   for (i = 0; i < 256; i++)
|     if (XOR (islower (i), ISLOWER (i))
| 	|| toupper (i) != TOUPPER (i))
|       return 2;
|   return 0;
| }
configure:3304: result: no
configure:3328: checking for sys/types.h
configure:3349: g++ -c -g -O2 -Wall -Wextra -W  conftest.cpp >&5
configure:3356: $? = 0
configure:3373: result: yes
configure:3328: checking for sys/stat.h
configure:3349: g++ -c -g -O2 -Wall -Wextra -W  conftest.cpp >&5
configure:3356: $? = 0
configure:3373: result: yes
configure:3328: checking for stdlib.h
configure:3349: g++ -c -g -O2 -Wall -Wextra -W  conftest.cpp >&5
configure:3356: $? = 0
configure:3373: result: yes
configure:3328: checking for string.h
configure:3349: g++ -c -g -O2 -Wall -Wextra -W  conftest.cpp >&5
configure:3356: $? = 0
configure:3373: result: yes
configure:3328: checking for memory.h
configure:3349: g++ -c -g -O2 -Wall -Wextra -W  conftest.cpp >&5
configure:3356: $? = 0
configure:3373: result: yes
configure:3328: checking for strings.h
configure:3349: g++ -c -g -O2 -Wall -Wextra -W  conftest.cpp >&5
configure:3356: $? = 0
configure:3373: result: yes
configure:3328: checking for inttypes.h
configure:3349: g++ -c -g -O2 -Wall -Wextra -W  conftest.cpp >&5
configure:3356: $? = 0
configure:3373: result: yes
configure:3328: checking for stdint.h
configure:3349: g++ -c -g -O2 -Wall -Wextra -W  conftest.cpp >&5
configure:3356: $? = 0
configure:3373: result: yes
configure:3328: checking for unistd.h
configure:3349: g++ -c -g -O2 -Wall -Wextra -W  conftest.cpp >&5
configure:3356: $? = 0
configure:3373: result: yes
configure:3403: checking TooN/TooN.h usability
configure:3420: g++ -c -g -O2 -Wall -Wextra -W  conftest.cpp >&5
configure:3427: $? = 0
configure:3441: result: yes
configure:3445: checking TooN/TooN.h presence
configure:3460: g++ -E  conftest.cpp
configure:3467: $? = 0
configure:3481: result: yes
configure:3509: checking for TooN/TooN.h
configure:3518: result: yes
configure:3537: checking TooN
configure:3551: g++ -c -g -O2 -Wall -Wextra -W  conftest.cpp >&5
configure:3558: $? = 0
configure:3573: result: yes
configure:3609: checking gvars3/instances.h usability
configure:3626: g++ -c -g -O2 -Wall -Wextra -W  conftest.cpp >&5
configure:3633: $? = 0
configure:3647: result: yes
configure:3651: checking gvars3/instances.h presence
configure:3666: g++ -E  conftest.cpp
configure:3673: $? = 0
configure:3687: result: yes
configure:3715: checking for gvars3/instances.h
configure:3724: result: yes
configure:3742: checking for main in -lGVars3
configure:3771: g++ -o conftest -g -O2 -Wall -Wextra -W   -lcvd conftest.cpp -lGVars3   >&5
configure:3778: $? = 0
configure:3799: result: yes
configure:3828: checking gvars
configure:3842: g++ -c -g -O2 -Wall -Wextra -W  conftest.cpp >&5
configure:3849: $? = 0
configure:3864: result: yes
configure:3890: checking if compiler flag -O3 works
configure:3910: g++ -c -g -O2 -Wall -Wextra -W -O3  conftest.cpp >&5
configure:3917: $? = 0
configure:3938: result: yes
configure:4092: creating ./config.status

## ---------------------- ##
## Running config.status. ##
## ---------------------- ##

This file was extended by Astro config.status 1.0, which was
generated by GNU Autoconf 2.63.  Invocation command line was

  CONFIG_FILES    = 
  CONFIG_HEADERS  = 
  CONFIG_LINKS    = 
  CONFIG_COMMANDS = 
  $ ./config.status 

on serenity.955oxford.dyndns.org

config.status:647: creating Makefile

## ---------------- ##
## Cache variables. ##
## ---------------- ##

ac_cv_cxx_compiler_gnu=yes
ac_cv_env_CCC_set=
ac_cv_env_CCC_value=
ac_cv_env_CPPFLAGS_set=
ac_cv_env_CPPFLAGS_value=
ac_cv_env_CXXCPP_set=
ac_cv_env_CXXCPP_value=
ac_cv_env_CXXFLAGS_set=
ac_cv_env_CXXFLAGS_value=
ac_cv_env_CXX_set=
ac_cv_env_CXX_value=
ac_cv_env_LDFLAGS_set=
ac_cv_env_LDFLAGS_value=
ac_cv_env_LIBS_set=
ac_cv_env_LIBS_value=
ac_cv_env_build_alias_set=
ac_cv_env_build_alias_value=
ac_cv_env_host_alias_set=
ac_cv_env_host_alias_value=
ac_cv_env_target_alias_set=
ac_cv_env_target_alias_value=
ac_cv_header_TooN_TooN_h=yes
ac_cv_header_gvars3_instances_h=yes
ac_cv_header_inttypes_h=yes
ac_cv_header_memory_h=yes
ac_cv_header_stdc=no
ac_cv_header_stdint_h=yes
ac_cv_header_stdlib_h=yes
ac_cv_header_string_h=yes
ac_cv_header_strings_h=yes
ac_cv_header_sys_stat_h=yes
ac_cv_header_sys_types_h=yes
ac_cv_header_unistd_h=yes
ac_cv_lib_GVars3_main=yes
ac_cv_objext=o
ac_cv_path_EGREP='/usr/bin/grep -E'
ac_cv_path_GREP=/usr/bin/grep
ac_cv_prog_AWK=gawk
ac_cv_prog_CXXCPP='g++ -E'
ac_cv_prog_ac_ct_CXX=g++
ac_cv_prog_cxx_g=yes

## ----------------- ##
## Output variables. ##
## ----------------- ##

AWK='gawk'
CPPFLAGS=''
CXX='g++'
CXXCPP='g++ -E'
CXXFLAGS='-g -O2 -Wall -Wextra -W -O3 -DNDEBUG'
DEFS='-DPACKAGE_NAME=\"Astro\" -DPACKAGE_TARNAME=\"astro\" -DPACKAGE_VERSION=\"1.0\" -DPACKAGE_STRING=\"Astro\ 1.0\" -DPACKAGE_BUGREPORT=\"\" -DHAVE_SYS_TYPES_H=1 -DHAVE_SYS_STAT_H=1 -DHAVE_STDLIB_H=1 -DHAVE_STRING_H=1 -DHAVE_MEMORY_H=1 -DHAVE_STRINGS_H=1 -DHAVE_INTTYPES_H=1 -DHAVE_STDINT_H=1 -DHAVE_UNISTD_H=1 -DHAVE_TOON_TOON_H=1 -DHAVE_GVARS3_INSTANCES_H=1 -DHAVE_LIBGVARS3=1'
ECHO_C='\c'
ECHO_N=''
ECHO_T=''
EGREP='/usr/bin/grep -E'
EXEEXT=''
GREP='/usr/bin/grep'
LDFLAGS=' -lcvd -lGVars3'
LIBOBJS=''
LIBS='-lGVars3 '
LTLIBOBJS=''
OBJEXT='o'
PACKAGE_BUGREPORT=''
PACKAGE_NAME='Astro'
PACKAGE_STRING='Astro 1.0'
PACKAGE_TARNAME='astro'
PACKAGE_VERSION='1.0'
PATH_SEPARATOR=':'
SHELL='/bin/sh'
ac_ct_CXX='g++'
bindir='${exec_prefix}/bin'
build_alias=''
datadir='${datarootdir}'
datarootdir='${prefix}/share'
docdir='${datarootdir}/doc/${PACKAGE_TARNAME}'
dvidir='${docdir}'
exec_prefix='${prefix}'
host_alias=''
htmldir='${docdir}'
includedir='${prefix}/include'
infodir='${datarootdir}/info'
libdir='${exec_prefix}/lib'
libexecdir='${exec_prefix}/libexec'
localedir='${datarootdir}/locale'
localstatedir='${prefix}/var'
mandir='${datarootdir}/man'
oldincludedir='/usr/include'
pdfdir='${docdir}'
prefix='/usr/local'
program_transform_name='s,x,x,'
psdir='${docdir}'
sbindir='${exec_prefix}/sbin'
sharedstatedir='${prefix}/com'
sysconfdir='${prefix}/etc'
target_alias=''

## ----------- ##
## confdefs.h. ##
## ----------- ##

#define PACKAGE_NAME "Astro"
#define PACKAGE_TARNAME "astro"
#define PACKAGE_VERSION "1.0"
#define PACKAGE_STRING "Astro 1.0"
#define PACKAGE_BUGREPORT ""
#define HAVE_SYS_TYPES_H 1
#define HAVE_SYS_STAT_H 1
#define HAVE_STDLIB_H 1
#define HAVE_STRING_H 1
#define HAVE_MEMORY_H 1
#define HAVE_STRINGS_H 1
#define HAVE_INTTYPES_H 1
#define HAVE_STDINT_H 1
#define HAVE_UNISTD_H 1
#define HAVE_TOON_TOON_H 1
#define HAVE_GVARS3_INSTANCES_H 1
#define HAVE_LIBGVARS3 1

configure: exit 0
